{"D:\\laboratory\\laboratory\\javascript\\typescript101\\src\\config.ts": {"path":"D:\\laboratory\\laboratory\\javascript\\typescript101\\src\\config.ts","statementMap":{"0":{"start":{"line":1,"column":0},"end":{"line":1,"column":27}},"1":{"start":{"line":3,"column":0},"end":{"line":3,"column":null}},"2":{"start":{"line":19,"column":17},"end":{"line":31,"column":null}},"3":{"start":{"line":34,"column":0},"end":{"line":36,"column":null}}},"fnMap":{},"branchMap":{"0":{"loc":{"start":{"line":20,"column":18},"end":{"line":20,"column":76}},"type":"cond-expr","locations":[{"start":{"line":20,"column":46},"end":{"line":20,"column":72}},{"start":{"line":20,"column":74},"end":{"line":20,"column":76}}]},"1":{"loc":{"start":{"line":21,"column":16},"end":{"line":21,"column":82}},"type":"cond-expr","locations":[{"start":{"line":21,"column":48},"end":{"line":21,"column":78}},{"start":{"line":21,"column":80},"end":{"line":21,"column":82}}]},"2":{"loc":{"start":{"line":22,"column":18},"end":{"line":22,"column":76}},"type":"cond-expr","locations":[{"start":{"line":22,"column":46},"end":{"line":22,"column":72}},{"start":{"line":22,"column":74},"end":{"line":22,"column":76}}]},"3":{"loc":{"start":{"line":23,"column":16},"end":{"line":23,"column":82}},"type":"cond-expr","locations":[{"start":{"line":23,"column":48},"end":{"line":23,"column":78}},{"start":{"line":23,"column":80},"end":{"line":23,"column":82}}]},"4":{"loc":{"start":{"line":26,"column":15},"end":{"line":26,"column":65}},"type":"cond-expr","locations":[{"start":{"line":26,"column":39},"end":{"line":26,"column":61}},{"start":{"line":26,"column":63},"end":{"line":26,"column":65}}]},"5":{"loc":{"start":{"line":27,"column":24},"end":{"line":27,"column":94}},"type":"cond-expr","locations":[{"start":{"line":27,"column":58},"end":{"line":27,"column":90}},{"start":{"line":27,"column":92},"end":{"line":27,"column":94}}]},"6":{"loc":{"start":{"line":28,"column":21},"end":{"line":28,"column":85}},"type":"cond-expr","locations":[{"start":{"line":28,"column":52},"end":{"line":28,"column":81}},{"start":{"line":28,"column":83},"end":{"line":28,"column":85}}]}},"s":{"0":1,"1":1,"2":1,"3":1},"f":{},"b":{"0":[1,0],"1":[1,0],"2":[1,0],"3":[1,0],"4":[1,0],"5":[1,0],"6":[1,0]}}
,"D:\\laboratory\\laboratory\\javascript\\typescript101\\src\\dataSource\\models\\user.ts": {"path":"D:\\laboratory\\laboratory\\javascript\\typescript101\\src\\dataSource\\models\\user.ts","statementMap":{"0":{"start":{"line":1,"column":0},"end":{"line":1,"column":40}},"1":{"start":{"line":2,"column":0},"end":{"line":2,"column":35}},"2":{"start":{"line":63,"column":22},"end":{"line":66,"column":24}},"3":{"start":{"line":64,"column":40},"end":{"line":64,"column":52}},"4":{"start":{"line":68,"column":23},"end":{"line":73,"column":24}},"5":{"start":{"line":69,"column":40},"end":{"line":69,"column":52}},"6":{"start":{"line":75,"column":26},"end":{"line":81,"column":24}},"7":{"start":{"line":76,"column":40},"end":{"line":76,"column":52}},"8":{"start":{"line":83,"column":27},"end":{"line":89,"column":24}},"9":{"start":{"line":84,"column":40},"end":{"line":84,"column":52}},"10":{"start":{"line":91,"column":33},"end":{"line":98,"column":24}},"11":{"start":{"line":92,"column":40},"end":{"line":92,"column":52}},"12":{"start":{"line":100,"column":19},"end":{"line":113,"column":24}},"13":{"start":{"line":101,"column":40},"end":{"line":101,"column":52}},"14":{"start":{"line":116,"column":18},"end":{"line":116,"column":50}},"15":{"start":{"line":128,"column":0},"end":{"line":128,"column":null}}},"fnMap":{"0":{"name":"(anonymous_0)","decl":{"start":{"line":64,"column":34},"end":{"line":64,"column":37}},"loc":{"start":{"line":64,"column":40},"end":{"line":64,"column":52}}},"1":{"name":"(anonymous_1)","decl":{"start":{"line":69,"column":34},"end":{"line":69,"column":37}},"loc":{"start":{"line":69,"column":40},"end":{"line":69,"column":52}}},"2":{"name":"(anonymous_2)","decl":{"start":{"line":76,"column":34},"end":{"line":76,"column":37}},"loc":{"start":{"line":76,"column":40},"end":{"line":76,"column":52}}},"3":{"name":"(anonymous_3)","decl":{"start":{"line":84,"column":34},"end":{"line":84,"column":37}},"loc":{"start":{"line":84,"column":40},"end":{"line":84,"column":52}}},"4":{"name":"(anonymous_4)","decl":{"start":{"line":92,"column":34},"end":{"line":92,"column":37}},"loc":{"start":{"line":92,"column":40},"end":{"line":92,"column":52}}},"5":{"name":"(anonymous_5)","decl":{"start":{"line":101,"column":34},"end":{"line":101,"column":37}},"loc":{"start":{"line":101,"column":40},"end":{"line":101,"column":52}}}},"branchMap":{},"s":{"0":1,"1":1,"2":1,"3":2,"4":1,"5":2,"6":1,"7":0,"8":1,"9":0,"10":1,"11":6,"12":1,"13":1,"14":1,"15":1},"f":{"0":2,"1":2,"2":0,"3":0,"4":6,"5":1},"b":{}}
,"D:\\laboratory\\laboratory\\javascript\\typescript101\\tests\\dataSource\\models\\dbConnect.ts": {"path":"D:\\laboratory\\laboratory\\javascript\\typescript101\\tests\\dataSource\\models\\dbConnect.ts","statementMap":{"0":{"start":{"line":1,"column":0},"end":{"line":1,"column":32}},"1":{"start":{"line":2,"column":0},"end":{"line":2,"column":40}},"2":{"start":{"line":4,"column":12},"end":{"line":4,"column":22}},"3":{"start":{"line":7,"column":2},"end":{"line":14,"column":null}},"4":{"start":{"line":8,"column":4},"end":{"line":11,"column":7}},"5":{"start":{"line":13,"column":4},"end":{"line":13,"column":36}},"6":{"start":{"line":6,"column":0},"end":{"line":6,"column":22}},"7":{"start":{"line":18,"column":2},"end":{"line":22,"column":null}},"8":{"start":{"line":19,"column":4},"end":{"line":19,"column":38}},"9":{"start":{"line":21,"column":4},"end":{"line":21,"column":39}},"10":{"start":{"line":17,"column":0},"end":{"line":17,"column":22}}},"fnMap":{"0":{"name":"connectDBForTesting","decl":{"start":{"line":6,"column":22},"end":{"line":6,"column":41}},"loc":{"start":{"line":6,"column":41},"end":{"line":15,"column":null}}},"1":{"name":"disconnectDBForTesting","decl":{"start":{"line":17,"column":22},"end":{"line":17,"column":44}},"loc":{"start":{"line":17,"column":44},"end":{"line":23,"column":null}}}},"branchMap":{},"s":{"0":1,"1":1,"2":1,"3":1,"4":1,"5":0,"6":1,"7":1,"8":1,"9":0,"10":1},"f":{"0":1,"1":1},"b":{}}
}
