TN:
SF:src\config.ts
FNF:0
FNH:0
DA:1,1
DA:3,1
DA:19,1
DA:34,1
LF:4
LH:4
BRDA:20,0,0,1
BRDA:20,0,1,0
BRDA:21,1,0,1
BRDA:21,1,1,0
BRDA:22,2,0,1
BRDA:22,2,1,0
BRDA:23,3,0,1
BRDA:23,3,1,0
BRDA:26,4,0,1
BRDA:26,4,1,0
BRDA:27,5,0,1
BRDA:27,5,1,0
BRDA:28,6,0,1
BRDA:28,6,1,0
BRF:14
BRH:7
end_of_record
TN:
SF:src\dataSource\models\user.ts
FN:64,(anonymous_0)
FN:69,(anonymous_1)
FN:76,(anonymous_2)
FN:84,(anonymous_3)
FN:92,(anonymous_4)
FN:101,(anonymous_5)
FNF:6
FNH:4
FNDA:2,(anonymous_0)
FNDA:2,(anonymous_1)
FNDA:0,(anonymous_2)
FNDA:0,(anonymous_3)
FNDA:6,(anonymous_4)
FNDA:1,(anonymous_5)
DA:1,1
DA:2,1
DA:63,1
DA:64,2
DA:68,1
DA:69,2
DA:75,1
DA:76,0
DA:83,1
DA:84,0
DA:91,1
DA:92,6
DA:100,1
DA:101,1
DA:116,1
DA:128,1
LF:16
LH:14
BRF:0
BRH:0
end_of_record
TN:
SF:tests\dataSource\models\dbConnect.ts
FN:6,connectDBForTesting
FN:17,disconnectDBForTesting
FNF:2
FNH:2
FNDA:1,connectDBForTesting
FNDA:1,disconnectDBForTesting
DA:1,1
DA:2,1
DA:4,1
DA:6,1
DA:7,1
DA:8,1
DA:13,0
DA:17,1
DA:18,1
DA:19,1
DA:21,0
LF:11
LH:9
BRF:0
BRH:0
end_of_record
